<?xml version="1.0" encoding="UTF-8"?>
<!-- Generated by org.testng.reporters.JUnitXMLReporter -->
<testsuite ignored="0" hostname="Fibonacci" failures="0" tests="2" name="Chrome Test" time="14.902" errors="0" timestamp="2021-02-09T03:52:58 CST">
  <testcase classname="com.ultranauts.pagetests.HerokuHomePageTests" name="homePageLinks" time="3.126"/>
  <testcase classname="com.ultranauts.pagetests.HerokuAutoCompleteTests" name="autoPageFormEnterText" time="2.416"/>
</testsuite> <!-- Chrome Test -->
