<?xml version="1.0" encoding="UTF-8"?>
<!-- Generated by org.testng.reporters.JUnitXMLReporter -->
<testsuite ignored="4" hostname="Fibonacci" failures="0" tests="0" time="0.0" errors="0" timestamp="2021-02-16T00:15:22 CST">
  <testcase classname="com.ultranauts.pagetests.HerokuDatepickerPageTests" name="selectDate" time="0.0">
    <ignored/>
  </testcase> <!-- selectDate -->
  <testcase classname="com.ultranauts.pagetests.HerokuHomePageTests" name="homePageLinks" time="0.0">
    <ignored/>
  </testcase> <!-- homePageLinks -->
  <testcase classname="com.ultranauts.pagetests.HerokuAutoCompleteTests" name="autoPageFormEnterText" time="0.0">
    <ignored/>
  </testcase> <!-- autoPageFormEnterText -->
  <testcase classname="com.ultranauts.pagetests.HerokuCheckedBoxesTests" name="checkboxesActivateAndVerify" time="0.0">
    <ignored/>
  </testcase> <!-- checkboxesActivateAndVerify -->
</testsuite>
