<?xml version="1.0" encoding="UTF-8"?>
<!-- Generated by org.testng.reporters.JUnitXMLReporter -->
<testsuite ignored="0" hostname="Fibonacci" failures="0" tests="2" name="Firefox Test" time="22.42" errors="0" timestamp="2021-02-09T03:52:24 CST">
  <testcase classname="com.ultranauts.pagetests.HerokuHomePageTests" name="homePageLinks" time="3.573"/>
  <testcase classname="com.ultranauts.pagetests.HerokuAutoCompleteTests" name="autoPageFormEnterText" time="2.101"/>
</testsuite> <!-- Firefox Test -->
