<?xml version="1.0" encoding="UTF-8"?>
<!-- Generated by org.testng.reporters.JUnitXMLReporter -->
<testsuite ignored="0" hostname="Fibonacci" failures="0" tests="2" name="MS Edge Test" time="19.087" errors="0" timestamp="2021-02-09T03:52:43 CST">
  <testcase classname="com.ultranauts.pagetests.HerokuHomePageTests" name="homePageLinks" time="5.117"/>
  <testcase classname="com.ultranauts.pagetests.HerokuAutoCompleteTests" name="autoPageFormEnterText" time="2.757"/>
</testsuite> <!-- MS Edge Test -->
