<?xml version="1.0" encoding="UTF-8"?>
<!-- Generated by org.testng.reporters.JUnitXMLReporter -->
<testsuite ignored="0" hostname="Fibonacci" failures="1" tests="6" name="Regression Tests" time="257.873" errors="0" timestamp="2021-02-16T16:21:53 CST">
  <testcase classname="io.cucumber.testng.AbstractTestNGCucumberTests" name="runScenario" time="40.776"/>
  <testcase classname="io.cucumber.testng.AbstractTestNGCucumberTests" name="runScenario" time="17.055"/>
  <testcase classname="io.cucumber.testng.AbstractTestNGCucumberTests" name="runScenario" time="13.176">
    <failure type="io.cucumber.testng.UndefinedStepException" message="There were 3 undefined steps
The step &amp;quot;I am A&amp;quot; is undefined. You can implement it using the snippet(s) below:

@Given(&amp;quot;I am A&amp;quot;)
public void i_am_a() {
    // Write code here that turns the phrase above into concrete actions
    throw new io.cucumber.java.PendingException();
}

The step &amp;quot;I do B&amp;quot; is undefined. You can implement it using the snippet(s) below:

@When(&amp;quot;I do B&amp;quot;)
public void i_do_b() {
    // Write code here that turns the phrase above into concrete actions
    throw new io.cucumber.java.PendingException();
}

The step &amp;quot;I see C&amp;quot; is undefined. You can implement it using the snippet(s) below:

@Then(&amp;quot;I see C&amp;quot;)
public void i_see_c() {
    // Write code here that turns the phrase above into concrete actions
    throw new io.cucumber.java.PendingException();
}
">
      <![CDATA[io.cucumber.testng.UndefinedStepException: There were 3 undefined steps
The step "I am A" is undefined. You can implement it using the snippet(s) below:

@Given("I am A")
public void i_am_a() {
    // Write code here that turns the phrase above into concrete actions
    throw new io.cucumber.java.PendingException();
}

The step "I do B" is undefined. You can implement it using the snippet(s) below:

@When("I do B")
public void i_do_b() {
    // Write code here that turns the phrase above into concrete actions
    throw new io.cucumber.java.PendingException();
}

The step "I see C" is undefined. You can implement it using the snippet(s) below:

@Then("I see C")
public void i_see_c() {
    // Write code here that turns the phrase above into concrete actions
    throw new io.cucumber.java.PendingException();
}

at io.cucumber.core.runtime.TestCaseResultObserver.assertTestCasePassed(TestCaseResultObserver.java:69)
at io.cucumber.testng.TestCaseResultObserver.assertTestCasePassed(TestCaseResultObserver.java:23)
at io.cucumber.testng.TestNGCucumberRunner.lambda$runScenario$0(TestNGCucumberRunner.java:117)
at io.cucumber.core.runtime.CucumberExecutionContext.runTestCase(CucumberExecutionContext.java:117)
at io.cucumber.testng.TestNGCucumberRunner.runScenario(TestNGCucumberRunner.java:113)
at io.cucumber.testng.AbstractTestNGCucumberTests.runScenario(AbstractTestNGCucumberTests.java:31)
at java.base/java.util.ArrayList.forEach(ArrayList.java:1511)
... Removed 31 stack frames]]>
    </failure>
  </testcase> <!-- runScenario -->
  <testcase classname="io.cucumber.testng.AbstractTestNGCucumberTests" name="runScenario" time="68.354"/>
  <testcase classname="io.cucumber.testng.AbstractTestNGCucumberTests" name="runScenario" time="40.078"/>
  <testcase classname="io.cucumber.testng.AbstractTestNGCucumberTests" name="runScenario" time="74.879"/>
</testsuite> <!-- Regression Tests -->
