<?xml version="1.0" encoding="UTF-8"?>
<!-- Generated by org.testng.reporters.JUnitXMLReporter -->
<testsuite ignored="0" hostname="Fibonacci" failures="0" tests="2" name="Test Basics 1" time="0.051" errors="0" timestamp="2021-02-06T02:56:56 CST">
  <testcase classname="com.ultranauts.pagetests.BaseTest" name="@BeforeMethod setup" time="-1.612601816218E9">
    <failure type="org.testng.TestNGException" message="
Can inject only one of &amp;lt;ITestContext, XmlTest, Method, Object[], ITestResult&amp;gt; into a @BeforeMethod annotated setup.
For more information on native dependency injection please refer to https://testng.org/doc/documentation-main.html#native-dependency-injection">
      <![CDATA[org.testng.TestNGException: 
Can inject only one of <ITestContext, XmlTest, Method, Object[], ITestResult> into a @BeforeMethod annotated setup.
For more information on native dependency injection please refer to https://testng.org/doc/documentation-main.html#native-dependency-injection
at java.base/java.util.ArrayList.forEach(ArrayList.java:1511)
... Removed 32 stack frames]]>
    </failure>
  </testcase> <!-- @BeforeMethod setup -->
  <testcase classname="com.ultranauts.pagetests.BaseTest" name="@AfterMethod teardown" time="-1.61260181623E9">
    <skipped/>
  </testcase> <!-- @AfterMethod teardown -->
  <testcase classname="com.ultranauts.pagetests.BaseTest" name="@BeforeMethod setup" time="-1.612601816233E9">
    <skipped/>
  </testcase> <!-- @BeforeMethod setup -->
  <testcase classname="com.ultranauts.pagetests.BaseTest" name="@AfterMethod teardown" time="-1.612601816233E9">
    <skipped/>
  </testcase> <!-- @AfterMethod teardown -->
  <testcase classname="com.ultranauts.pagetests.HomePageTest" name="homePageLinks" time="0.0">
    <skipped/>
  </testcase> <!-- homePageLinks -->
  <testcase classname="com.ultranauts.pagetests.HomePageTest" name="autoPageForm" time="0.0">
    <skipped/>
  </testcase> <!-- autoPageForm -->
</testsuite> <!-- Test Basics 1 -->
