[
  {
    "line": 1,
    "elements": [
      {
        "start_timestamp": "2021-02-16T06:15:25.186Z",
        "before": [
          {
            "result": {
              "duration": 13567868300,
              "status": "passed"
            },
            "match": {
              "location": "com.ultranauts.cucumber.StepDefinition.setup()"
            }
          }
        ],
        "line": 6,
        "name": "Verify the functinality of the Checkbox Page",
        "description": "",
        "id": "heroku-applications-and-webpages;verify-the-functinality-of-the-checkbox-page",
        "after": [
          {
            "result": {
              "duration": 1289262100,
              "status": "passed"
            },
            "match": {
              "location": "com.ultranauts.cucumber.StepDefinition.tearDown()"
            }
          }
        ],
        "type": "scenario",
        "keyword": "Scenario",
        "steps": [
          {
            "result": {
              "duration": 2996286700,
              "status": "passed"
            },
            "line": 7,
            "name": "I am on the Checkbox Page",
            "match": {
              "location": "com.ultranauts.cucumber.StepDefinition.i_am_on_the_checkbox_page()"
            },
            "keyword": "Given "
          },
          {
            "result": {
              "duration": 1874928000,
              "status": "passed"
            },
            "line": 8,
            "name": "I click on all checkboxes",
            "match": {
              "location": "com.ultranauts.cucumber.StepDefinition.i_click_on_all_checkboxes()"
            },
            "keyword": "When "
          },
          {
            "result": {
              "duration": 20042398900,
              "status": "passed"
            },
            "line": 9,
            "name": "all the checkboxes will be active",
            "match": {
              "location": "com.ultranauts.cucumber.StepDefinition.all_the_checkboxes_will_be_active()"
            },
            "keyword": "Then "
          }
        ]
      },
      {
        "start_timestamp": "2021-02-16T06:16:05.102Z",
        "before": [
          {
            "result": {
              "duration": 236574157600,
              "status": "passed"
            },
            "match": {
              "location": "com.ultranauts.cucumber.StepDefinition.setup()"
            }
          }
        ],
        "line": 11,
        "name": "Verify the behavior of the Modal Pagetitle",
        "description": "",
        "id": "heroku-applications-and-webpages;verify-the-behavior-of-the-modal-pagetitle",
        "after": [
          {
            "result": {
              "error_message": "org.openqa.selenium.WebDriverException: chrome not reachable\n  (Session info: chrome\u003d88.0.4324.150)\nBuild info: version: \u00273.141.59\u0027, revision: \u0027e82be7d358\u0027, time: \u00272018-11-14T08:17:03\u0027\nSystem info: host: \u0027FIBONACCI\u0027, ip: \u0027192.168.1.189\u0027, os.name: \u0027Windows 10\u0027, os.arch: \u0027amd64\u0027, os.version: \u002710.0\u0027, java.version: \u002715.0.1\u0027\nDriver info: org.openqa.selenium.chrome.ChromeDriver\nCapabilities {acceptInsecureCerts: false, browserName: chrome, browserVersion: 88.0.4324.150, chrome: {chromedriverVersion: 88.0.4324.96 (68dba2d8a0b14..., userDataDir: C:\\Users\\A\\AppData\\Local\\Te...}, goog:chromeOptions: {debuggerAddress: localhost:52444}, javascriptEnabled: true, networkConnectionEnabled: false, pageLoadStrategy: eager, platform: WINDOWS, platformName: WINDOWS, proxy: Proxy(), setWindowRect: true, strictFileInteractability: false, timeouts: {implicit: 0, pageLoad: 300000, script: 30000}, unhandledPromptBehavior: dismiss and notify, webauthn:extension:largeBlob: true, webauthn:virtualAuthenticators: true}\nSession ID: 193a29605c7936c25e33b9cbbde41d5c\r\n\tat java.base/jdk.internal.reflect.NativeConstructorAccessorImpl.newInstance0(Native Method)\r\n\tat java.base/jdk.internal.reflect.NativeConstructorAccessorImpl.newInstance(NativeConstructorAccessorImpl.java:64)\r\n\tat java.base/jdk.internal.reflect.DelegatingConstructorAccessorImpl.newInstance(DelegatingConstructorAccessorImpl.java:45)\r\n\tat java.base/java.lang.reflect.Constructor.newInstanceWithCaller(Constructor.java:500)\r\n\tat java.base/java.lang.reflect.Constructor.newInstance(Constructor.java:481)\r\n\tat org.openqa.selenium.remote.http.W3CHttpResponseCodec.createException(W3CHttpResponseCodec.java:187)\r\n\tat org.openqa.selenium.remote.http.W3CHttpResponseCodec.decode(W3CHttpResponseCodec.java:122)\r\n\tat org.openqa.selenium.remote.http.W3CHttpResponseCodec.decode(W3CHttpResponseCodec.java:49)\r\n\tat org.openqa.selenium.remote.HttpCommandExecutor.execute(HttpCommandExecutor.java:158)\r\n\tat org.openqa.selenium.remote.service.DriverCommandExecutor.execute(DriverCommandExecutor.java:83)\r\n\tat org.openqa.selenium.remote.RemoteWebDriver.execute(RemoteWebDriver.java:552)\r\n\tat org.openqa.selenium.remote.RemoteWebDriver.execute(RemoteWebDriver.java:609)\r\n\tat org.openqa.selenium.remote.RemoteWebDriver.close(RemoteWebDriver.java:442)\r\n\tat com.ultranauts.cucumber.StepDefinition.tearDown(StepDefinition.java:137)\r\n",
              "duration": 197047300,
              "status": "failed"
            },
            "match": {
              "location": "com.ultranauts.cucumber.StepDefinition.tearDown()"
            }
          }
        ],
        "type": "scenario",
        "keyword": "Scenario",
        "steps": [
          {
            "result": {
              "error_message": "org.openqa.selenium.WebDriverException: chrome not reachable\n  (Session info: chrome\u003d88.0.4324.150)\nBuild info: version: \u00273.141.59\u0027, revision: \u0027e82be7d358\u0027, time: \u00272018-11-14T08:17:03\u0027\nSystem info: host: \u0027FIBONACCI\u0027, ip: \u0027192.168.1.189\u0027, os.name: \u0027Windows 10\u0027, os.arch: \u0027amd64\u0027, os.version: \u002710.0\u0027, java.version: \u002715.0.1\u0027\nDriver info: org.openqa.selenium.chrome.ChromeDriver\nCapabilities {acceptInsecureCerts: false, browserName: chrome, browserVersion: 88.0.4324.150, chrome: {chromedriverVersion: 88.0.4324.96 (68dba2d8a0b14..., userDataDir: C:\\Users\\A\\AppData\\Local\\Te...}, goog:chromeOptions: {debuggerAddress: localhost:52444}, javascriptEnabled: true, networkConnectionEnabled: false, pageLoadStrategy: eager, platform: WINDOWS, platformName: WINDOWS, proxy: Proxy(), setWindowRect: true, strictFileInteractability: false, timeouts: {implicit: 0, pageLoad: 300000, script: 30000}, unhandledPromptBehavior: dismiss and notify, webauthn:extension:largeBlob: true, webauthn:virtualAuthenticators: true}\nSession ID: 193a29605c7936c25e33b9cbbde41d5c\r\n\tat java.base/jdk.internal.reflect.NativeConstructorAccessorImpl.newInstance0(Native Method)\r\n\tat java.base/jdk.internal.reflect.NativeConstructorAccessorImpl.newInstance(NativeConstructorAccessorImpl.java:64)\r\n\tat java.base/jdk.internal.reflect.DelegatingConstructorAccessorImpl.newInstance(DelegatingConstructorAccessorImpl.java:45)\r\n\tat java.base/java.lang.reflect.Constructor.newInstanceWithCaller(Constructor.java:500)\r\n\tat java.base/java.lang.reflect.Constructor.newInstance(Constructor.java:481)\r\n\tat org.openqa.selenium.remote.http.W3CHttpResponseCodec.createException(W3CHttpResponseCodec.java:187)\r\n\tat org.openqa.selenium.remote.http.W3CHttpResponseCodec.decode(W3CHttpResponseCodec.java:122)\r\n\tat org.openqa.selenium.remote.http.W3CHttpResponseCodec.decode(W3CHttpResponseCodec.java:49)\r\n\tat org.openqa.selenium.remote.HttpCommandExecutor.execute(HttpCommandExecutor.java:158)\r\n\tat org.openqa.selenium.remote.service.DriverCommandExecutor.execute(DriverCommandExecutor.java:83)\r\n\tat org.openqa.selenium.remote.RemoteWebDriver.execute(RemoteWebDriver.java:552)\r\n\tat org.openqa.selenium.remote.RemoteWebDriver.get(RemoteWebDriver.java:277)\r\n\tat com.ultranauts.javaui.HomePage.goToFormyProject(HomePage.java:67)\r\n\tat com.ultranauts.cucumber.StepDefinition.i_am_on_the_modal_page(StepDefinition.java:92)\r\n\tat ✽.I am on the Modal Page(file:///c:/Users/A/Documents/VSCode/JavaUICapstoneProject/capstone/src/test/resources/features/heroku.feature:12)\r\n",
              "duration": 12196169900,
              "status": "failed"
            },
            "line": 12,
            "name": "I am on the Modal Page",
            "match": {
              "location": "com.ultranauts.cucumber.StepDefinition.i_am_on_the_modal_page()"
            },
            "keyword": "Given "
          },
          {
            "result": {
              "duration": 1998900,
              "status": "skipped"
            },
            "line": 13,
            "name": "I open the modal on the webpage",
            "match": {
              "location": "com.ultranauts.cucumber.StepDefinition.i_open_the_modal_on_the_webpage()"
            },
            "keyword": "When "
          },
          {
            "result": {
              "status": "skipped"
            },
            "line": 14,
            "name": "I can close it with the close button",
            "match": {
              "location": "com.ultranauts.cucumber.StepDefinition.i_can_close_it_with_the_close_button()"
            },
            "keyword": "Then "
          }
        ]
      },
      {
        "start_timestamp": "2021-02-16T06:20:14.218Z",
        "before": [
          {
            "result": {
              "duration": 12855384300,
              "status": "passed"
            },
            "match": {
              "location": "com.ultranauts.cucumber.StepDefinition.setup()"
            }
          }
        ],
        "line": 24,
        "name": "Verify that the Date Picker can choose several dates",
        "description": "",
        "id": "heroku-applications-and-webpages;verify-that-the-date-picker-can-choose-several-dates;;2",
        "after": [
          {
            "result": {
              "duration": 964448000,
              "status": "passed"
            },
            "match": {
              "location": "com.ultranauts.cucumber.StepDefinition.tearDown()"
            }
          }
        ],
        "type": "scenario",
        "keyword": "Scenario Outline",
        "steps": [
          {
            "result": {
              "duration": 5156668900,
              "status": "passed"
            },
            "line": 17,
            "name": "I am on the Datepicker Page",
            "match": {
              "location": "com.ultranauts.cucumber.StepDefinition.i_am_on_the_datepicker_page()"
            },
            "keyword": "Given "
          },
          {
            "result": {
              "duration": 1113362600,
              "status": "passed"
            },
            "line": 18,
            "name": "I click on the text field",
            "match": {
              "location": "com.ultranauts.cucumber.StepDefinition.i_click_on_the_text_field()"
            },
            "keyword": "When "
          },
          {
            "result": {
              "duration": 29829935400,
              "status": "passed"
            },
            "line": 19,
            "name": "I can select a date with 16, 10, and 2010",
            "match": {
              "arguments": [
                {
                  "val": "16",
                  "offset": 25
                },
                {
                  "val": "10",
                  "offset": 29
                },
                {
                  "val": "2010",
                  "offset": 37
                }
              ],
              "location": "com.ultranauts.cucumber.StepDefinition.i_can_select_a_date_with_and(int,int,int)"
            },
            "keyword": "Then "
          },
          {
            "result": {
              "duration": 55961600,
              "status": "passed"
            },
            "line": 20,
            "name": "the full date should display on the text field",
            "match": {
              "location": "com.ultranauts.cucumber.StepDefinition.the_full_date_should_display_on_the_text_field()"
            },
            "keyword": "And "
          }
        ]
      },
      {
        "start_timestamp": "2021-02-16T06:21:04.228Z",
        "before": [
          {
            "result": {
              "duration": 28832347200,
              "status": "passed"
            },
            "match": {
              "location": "com.ultranauts.cucumber.StepDefinition.setup()"
            }
          }
        ],
        "line": 25,
        "name": "Verify that the Date Picker can choose several dates",
        "description": "",
        "id": "heroku-applications-and-webpages;verify-that-the-date-picker-can-choose-several-dates;;3",
        "after": [
          {
            "result": {
              "error_message": "org.openqa.selenium.WebDriverException: chrome not reachable\n  (Session info: chrome\u003d88.0.4324.150)\nBuild info: version: \u00273.141.59\u0027, revision: \u0027e82be7d358\u0027, time: \u00272018-11-14T08:17:03\u0027\nSystem info: host: \u0027FIBONACCI\u0027, ip: \u0027192.168.1.189\u0027, os.name: \u0027Windows 10\u0027, os.arch: \u0027amd64\u0027, os.version: \u002710.0\u0027, java.version: \u002715.0.1\u0027\nDriver info: org.openqa.selenium.chrome.ChromeDriver\nCapabilities {acceptInsecureCerts: false, browserName: chrome, browserVersion: 88.0.4324.150, chrome: {chromedriverVersion: 88.0.4324.96 (68dba2d8a0b14..., userDataDir: C:\\Users\\A\\AppData\\Local\\Te...}, goog:chromeOptions: {debuggerAddress: localhost:52514}, javascriptEnabled: true, networkConnectionEnabled: false, pageLoadStrategy: eager, platform: WINDOWS, platformName: WINDOWS, proxy: Proxy(), setWindowRect: true, strictFileInteractability: false, timeouts: {implicit: 0, pageLoad: 300000, script: 30000}, unhandledPromptBehavior: dismiss and notify, webauthn:extension:largeBlob: true, webauthn:virtualAuthenticators: true}\nSession ID: 13ec702431df65d5e3f96498a873165e\r\n\tat java.base/jdk.internal.reflect.NativeConstructorAccessorImpl.newInstance0(Native Method)\r\n\tat java.base/jdk.internal.reflect.NativeConstructorAccessorImpl.newInstance(NativeConstructorAccessorImpl.java:64)\r\n\tat java.base/jdk.internal.reflect.DelegatingConstructorAccessorImpl.newInstance(DelegatingConstructorAccessorImpl.java:45)\r\n\tat java.base/java.lang.reflect.Constructor.newInstanceWithCaller(Constructor.java:500)\r\n\tat java.base/java.lang.reflect.Constructor.newInstance(Constructor.java:481)\r\n\tat org.openqa.selenium.remote.http.W3CHttpResponseCodec.createException(W3CHttpResponseCodec.java:187)\r\n\tat org.openqa.selenium.remote.http.W3CHttpResponseCodec.decode(W3CHttpResponseCodec.java:122)\r\n\tat org.openqa.selenium.remote.http.W3CHttpResponseCodec.decode(W3CHttpResponseCodec.java:49)\r\n\tat org.openqa.selenium.remote.HttpCommandExecutor.execute(HttpCommandExecutor.java:158)\r\n\tat org.openqa.selenium.remote.service.DriverCommandExecutor.execute(DriverCommandExecutor.java:83)\r\n\tat org.openqa.selenium.remote.RemoteWebDriver.execute(RemoteWebDriver.java:552)\r\n\tat org.openqa.selenium.remote.RemoteWebDriver.execute(RemoteWebDriver.java:609)\r\n\tat org.openqa.selenium.remote.RemoteWebDriver.close(RemoteWebDriver.java:442)\r\n\tat com.ultranauts.cucumber.StepDefinition.tearDown(StepDefinition.java:137)\r\n",
              "duration": 4265824100,
              "status": "failed"
            },
            "match": {
              "location": "com.ultranauts.cucumber.StepDefinition.tearDown()"
            }
          }
        ],
        "type": "scenario",
        "keyword": "Scenario Outline",
        "steps": [
          {
            "result": {
              "error_message": "org.openqa.selenium.NoSuchWindowException: no such window: target window already closed\nfrom unknown error: web view not found\n  (Session info: chrome\u003d88.0.4324.150)\nBuild info: version: \u00273.141.59\u0027, revision: \u0027e82be7d358\u0027, time: \u00272018-11-14T08:17:03\u0027\nSystem info: host: \u0027FIBONACCI\u0027, ip: \u0027192.168.1.189\u0027, os.name: \u0027Windows 10\u0027, os.arch: \u0027amd64\u0027, os.version: \u002710.0\u0027, java.version: \u002715.0.1\u0027\nDriver info: org.openqa.selenium.chrome.ChromeDriver\nCapabilities {acceptInsecureCerts: false, browserName: chrome, browserVersion: 88.0.4324.150, chrome: {chromedriverVersion: 88.0.4324.96 (68dba2d8a0b14..., userDataDir: C:\\Users\\A\\AppData\\Local\\Te...}, goog:chromeOptions: {debuggerAddress: localhost:52514}, javascriptEnabled: true, networkConnectionEnabled: false, pageLoadStrategy: eager, platform: WINDOWS, platformName: WINDOWS, proxy: Proxy(), setWindowRect: true, strictFileInteractability: false, timeouts: {implicit: 0, pageLoad: 300000, script: 30000}, unhandledPromptBehavior: dismiss and notify, webauthn:extension:largeBlob: true, webauthn:virtualAuthenticators: true}\nSession ID: 13ec702431df65d5e3f96498a873165e\r\n\tat java.base/jdk.internal.reflect.NativeConstructorAccessorImpl.newInstance0(Native Method)\r\n\tat java.base/jdk.internal.reflect.NativeConstructorAccessorImpl.newInstance(NativeConstructorAccessorImpl.java:64)\r\n\tat java.base/jdk.internal.reflect.DelegatingConstructorAccessorImpl.newInstance(DelegatingConstructorAccessorImpl.java:45)\r\n\tat java.base/java.lang.reflect.Constructor.newInstanceWithCaller(Constructor.java:500)\r\n\tat java.base/java.lang.reflect.Constructor.newInstance(Constructor.java:481)\r\n\tat org.openqa.selenium.remote.http.W3CHttpResponseCodec.createException(W3CHttpResponseCodec.java:187)\r\n\tat org.openqa.selenium.remote.http.W3CHttpResponseCodec.decode(W3CHttpResponseCodec.java:122)\r\n\tat org.openqa.selenium.remote.http.W3CHttpResponseCodec.decode(W3CHttpResponseCodec.java:49)\r\n\tat org.openqa.selenium.remote.HttpCommandExecutor.execute(HttpCommandExecutor.java:158)\r\n\tat org.openqa.selenium.remote.service.DriverCommandExecutor.execute(DriverCommandExecutor.java:83)\r\n\tat org.openqa.selenium.remote.RemoteWebDriver.execute(RemoteWebDriver.java:552)\r\n\tat org.openqa.selenium.remote.RemoteWebDriver.get(RemoteWebDriver.java:277)\r\n\tat com.ultranauts.javaui.HomePage.goToFormyProject(HomePage.java:67)\r\n\tat com.ultranauts.cucumber.StepDefinition.i_am_on_the_datepicker_page(StepDefinition.java:108)\r\n\tat ✽.I am on the Datepicker Page(file:///c:/Users/A/Documents/VSCode/JavaUICapstoneProject/capstone/src/test/resources/features/heroku.feature:17)\r\n",
              "duration": 16990800,
              "status": "failed"
            },
            "line": 17,
            "name": "I am on the Datepicker Page",
            "match": {
              "location": "com.ultranauts.cucumber.StepDefinition.i_am_on_the_datepicker_page()"
            },
            "keyword": "Given "
          },
          {
            "result": {
              "duration": 998100,
              "status": "skipped"
            },
            "line": 18,
            "name": "I click on the text field",
            "match": {
              "location": "com.ultranauts.cucumber.StepDefinition.i_click_on_the_text_field()"
            },
            "keyword": "When "
          },
          {
            "result": {
              "status": "skipped"
            },
            "line": 19,
            "name": "I can select a date with 03, 8, and 2015",
            "match": {
              "arguments": [
                {
                  "val": "03",
                  "offset": 25
                },
                {
                  "val": "8",
                  "offset": 29
                },
                {
                  "val": "2015",
                  "offset": 36
                }
              ],
              "location": "com.ultranauts.cucumber.StepDefinition.i_can_select_a_date_with_and(int,int,int)"
            },
            "keyword": "Then "
          },
          {
            "result": {
              "status": "skipped"
            },
            "line": 20,
            "name": "the full date should display on the text field",
            "match": {
              "location": "com.ultranauts.cucumber.StepDefinition.the_full_date_should_display_on_the_text_field()"
            },
            "keyword": "And "
          }
        ]
      },
      {
        "start_timestamp": "2021-02-16T06:21:37.387Z",
        "before": [
          {
            "result": {
              "duration": 14649023800,
              "status": "passed"
            },
            "match": {
              "location": "com.ultranauts.cucumber.StepDefinition.setup()"
            }
          }
        ],
        "line": 26,
        "name": "Verify that the Date Picker can choose several dates",
        "description": "",
        "id": "heroku-applications-and-webpages;verify-that-the-date-picker-can-choose-several-dates;;4",
        "after": [
          {
            "result": {
              "duration": 1503783000,
              "status": "passed"
            },
            "match": {
              "location": "com.ultranauts.cucumber.StepDefinition.tearDown()"
            }
          }
        ],
        "type": "scenario",
        "keyword": "Scenario Outline",
        "steps": [
          {
            "result": {
              "duration": 3221152700,
              "status": "passed"
            },
            "line": 17,
            "name": "I am on the Datepicker Page",
            "match": {
              "location": "com.ultranauts.cucumber.StepDefinition.i_am_on_the_datepicker_page()"
            },
            "keyword": "Given "
          },
          {
            "result": {
              "duration": 930461900,
              "status": "passed"
            },
            "line": 18,
            "name": "I click on the text field",
            "match": {
              "location": "com.ultranauts.cucumber.StepDefinition.i_click_on_the_text_field()"
            },
            "keyword": "When "
          },
          {
            "result": {
              "duration": 46313888800,
              "status": "passed"
            },
            "line": 19,
            "name": "I can select a date with 24, 5, and 2000",
            "match": {
              "arguments": [
                {
                  "val": "24",
                  "offset": 25
                },
                {
                  "val": "5",
                  "offset": 29
                },
                {
                  "val": "2000",
                  "offset": 36
                }
              ],
              "location": "com.ultranauts.cucumber.StepDefinition.i_can_select_a_date_with_and(int,int,int)"
            },
            "keyword": "Then "
          },
          {
            "result": {
              "duration": 66962000,
              "status": "passed"
            },
            "line": 20,
            "name": "the full date should display on the text field",
            "match": {
              "location": "com.ultranauts.cucumber.StepDefinition.the_full_date_should_display_on_the_text_field()"
            },
            "keyword": "And "
          }
        ]
      }
    ],
    "name": "Heroku Applications and Webpages",
    "description": "    This is a basic demonstration of utilizing Cucumber and TestNG\n    to highlight the useage of these technologies and a tutorial\n    for someone to follow along",
    "id": "heroku-applications-and-webpages",
    "keyword": "Feature",
    "uri": "file:src/test/resources/features/heroku.feature",
    "tags": []
  }
]