<?xml version="1.0" encoding="UTF-8"?>
<testng-results ignored="0" total="4" passed="4" failed="0" skipped="0">
  <reporter-output>
  </reporter-output>
  <suite started-at="2021-02-06T03:31:24 CST" name="Practice Suite" finished-at="2021-02-06T03:32:01 CST" duration-ms="37360">
    <groups>
    </groups>
    <test started-at="2021-02-06T03:31:24 CST" name="Firefox Test" finished-at="2021-02-06T03:31:48 CST" duration-ms="24814">
      <class name="com.ultranauts.pagetests.BaseTest">
        <test-method is-config="true" signature="setup(java.lang.String)[pri:0, instance:com.ultranauts.pagetests.BaseTest@4f638935]" started-at="2021-02-06T03:31:24 CST" name="setup" finished-at="2021-02-06T03:31:34 CST" duration-ms="10058" status="PASS">
          <params>
            <param index="0">
              <value>
                <![CDATA[firefox]]>
              </value>
            </param>
          </params>
          <reporter-output>
          </reporter-output>
        </test-method> <!-- setup -->
        <test-method signature="homePageLinks()[pri:0, instance:com.ultranauts.pagetests.BaseTest@4f638935]" started-at="2021-02-06T03:31:34 CST" name="homePageLinks" finished-at="2021-02-06T03:31:36 CST" duration-ms="2402" status="PASS">
          <reporter-output>
          </reporter-output>
        </test-method> <!-- homePageLinks -->
        <test-method is-config="true" signature="teardown()[pri:0, instance:com.ultranauts.pagetests.BaseTest@4f638935]" started-at="2021-02-06T03:31:36 CST" name="teardown" finished-at="2021-02-06T03:31:37 CST" duration-ms="1300" status="PASS">
          <reporter-output>
          </reporter-output>
        </test-method> <!-- teardown -->
        <test-method is-config="true" signature="setup(java.lang.String)[pri:0, instance:com.ultranauts.pagetests.BaseTest@4f638935]" started-at="2021-02-06T03:31:37 CST" name="setup" finished-at="2021-02-06T03:31:45 CST" duration-ms="8031" status="PASS">
          <params>
            <param index="0">
              <value>
                <![CDATA[firefox]]>
              </value>
            </param>
          </params>
          <reporter-output>
          </reporter-output>
        </test-method> <!-- setup -->
        <test-method signature="autoPageForm()[pri:1, instance:com.ultranauts.pagetests.BaseTest@4f638935]" started-at="2021-02-06T03:31:45 CST" name="autoPageForm" finished-at="2021-02-06T03:31:47 CST" duration-ms="1512" status="PASS">
          <reporter-output>
          </reporter-output>
        </test-method> <!-- autoPageForm -->
        <test-method is-config="true" signature="teardown()[pri:0, instance:com.ultranauts.pagetests.BaseTest@4f638935]" started-at="2021-02-06T03:31:47 CST" name="teardown" finished-at="2021-02-06T03:31:48 CST" duration-ms="1456" status="PASS">
          <reporter-output>
          </reporter-output>
        </test-method> <!-- teardown -->
      </class> <!-- com.ultranauts.pagetests.BaseTest -->
    </test> <!-- Firefox Test -->
    <test started-at="2021-02-06T03:31:48 CST" name="Chrome Test" finished-at="2021-02-06T03:32:01 CST" duration-ms="12497">
      <class name="com.ultranauts.pagetests.BaseTest">
        <test-method is-config="true" signature="setup(java.lang.String)[pri:0, instance:com.ultranauts.pagetests.BaseTest@23529fee]" started-at="2021-02-06T03:31:48 CST" name="setup" finished-at="2021-02-06T03:31:53 CST" duration-ms="4793" status="PASS">
          <params>
            <param index="0">
              <value>
                <![CDATA[chrome]]>
              </value>
            </param>
          </params>
          <reporter-output>
          </reporter-output>
        </test-method> <!-- setup -->
        <test-method signature="homePageLinks()[pri:0, instance:com.ultranauts.pagetests.BaseTest@23529fee]" started-at="2021-02-06T03:31:53 CST" name="homePageLinks" finished-at="2021-02-06T03:31:55 CST" duration-ms="1291" status="PASS">
          <reporter-output>
          </reporter-output>
        </test-method> <!-- homePageLinks -->
        <test-method is-config="true" signature="teardown()[pri:0, instance:com.ultranauts.pagetests.BaseTest@23529fee]" started-at="2021-02-06T03:31:55 CST" name="teardown" finished-at="2021-02-06T03:31:55 CST" duration-ms="878" status="PASS">
          <reporter-output>
          </reporter-output>
        </test-method> <!-- teardown -->
        <test-method is-config="true" signature="setup(java.lang.String)[pri:0, instance:com.ultranauts.pagetests.BaseTest@23529fee]" started-at="2021-02-06T03:31:55 CST" name="setup" finished-at="2021-02-06T03:31:59 CST" duration-ms="3288" status="PASS">
          <params>
            <param index="0">
              <value>
                <![CDATA[chrome]]>
              </value>
            </param>
          </params>
          <reporter-output>
          </reporter-output>
        </test-method> <!-- setup -->
        <test-method signature="autoPageForm()[pri:1, instance:com.ultranauts.pagetests.BaseTest@23529fee]" started-at="2021-02-06T03:31:59 CST" name="autoPageForm" finished-at="2021-02-06T03:32:00 CST" duration-ms="1395" status="PASS">
          <reporter-output>
          </reporter-output>
        </test-method> <!-- autoPageForm -->
        <test-method is-config="true" signature="teardown()[pri:0, instance:com.ultranauts.pagetests.BaseTest@23529fee]" started-at="2021-02-06T03:32:00 CST" name="teardown" finished-at="2021-02-06T03:32:01 CST" duration-ms="848" status="PASS">
          <reporter-output>
          </reporter-output>
        </test-method> <!-- teardown -->
      </class> <!-- com.ultranauts.pagetests.BaseTest -->
    </test> <!-- Chrome Test -->
  </suite> <!-- Practice Suite -->
</testng-results>
