<?xml version="1.0" encoding="UTF-8"?>
<testsuite xmlns:xsi="http://www.w3.org/2001/XMLSchema-instance" xsi:noNamespaceSchemaLocation="https://maven.apache.org/surefire/maven-surefire-plugin/xsd/surefire-test-report-3.0.xsd" version="3.0" name="TestSuite" time="57.223" tests="6" errors="0" skipped="0" failures="0">
  <properties>
[...]
</properties>
  <testcase name="homePageLinks" classname="com.ultranauts.pagetests.HerokuHomePageTests" time="4.939">
    <system-out><![CDATA[https://formy-project.herokuapp.com/
https://formy-project.herokuapp.com/ is a valid link
https://formy-project.herokuapp.com/form
https://formy-project.herokuapp.com/form is a valid link
https://formy-project.herokuapp.com/#
https://formy-project.herokuapp.com/# is a valid link
https://formy-project.herokuapp.com/autocomplete
https://formy-project.herokuapp.com/autocomplete is a valid link
https://formy-project.herokuapp.com/buttons
https://formy-project.herokuapp.com/buttons is a valid link
https://formy-project.herokuapp.com/checkbox
https://formy-project.herokuapp.com/checkbox is a valid link
https://formy-project.herokuapp.com/datepicker
https://formy-project.herokuapp.com/datepicker is a valid link
https://formy-project.herokuapp.com/dragdrop
https://formy-project.herokuapp.com/dragdrop is a valid link
https://formy-project.herokuapp.com/dropdown
https://formy-project.herokuapp.com/dropdown is a valid link
https://formy-project.herokuapp.com/enabled
https://formy-project.herokuapp.com/enabled is a valid link
https://formy-project.herokuapp.com/fileupload
https://formy-project.herokuapp.com/fileupload is a valid link
https://formy-project.herokuapp.com/keypress
https://formy-project.herokuapp.com/keypress is a valid link
https://formy-project.herokuapp.com/modal
https://formy-project.herokuapp.com/modal is a valid link
https://formy-project.herokuapp.com/scroll
https://formy-project.herokuapp.com/scroll is a valid link
https://formy-project.herokuapp.com/radiobutton
https://formy-project.herokuapp.com/radiobutton is a valid link
https://formy-project.herokuapp.com/switch-window
https://formy-project.herokuapp.com/switch-window is a valid link
https://formy-project.herokuapp.com/form
https://formy-project.herokuapp.com/form is a valid link
https://formy-project.herokuapp.com/autocomplete
https://formy-project.herokuapp.com/autocomplete is a valid link
https://formy-project.herokuapp.com/buttons
https://formy-project.herokuapp.com/buttons is a valid link
https://formy-project.herokuapp.com/checkbox
https://formy-project.herokuapp.com/checkbox is a valid link
https://formy-project.herokuapp.com/datepicker
https://formy-project.herokuapp.com/datepicker is a valid link
https://formy-project.herokuapp.com/dragdrop
https://formy-project.herokuapp.com/dragdrop is a valid link
https://formy-project.herokuapp.com/dropdown
https://formy-project.herokuapp.com/dropdown is a valid link
https://formy-project.herokuapp.com/enabled
https://formy-project.herokuapp.com/enabled is a valid link
https://formy-project.herokuapp.com/fileupload
https://formy-project.herokuapp.com/fileupload is a valid link
https://formy-project.herokuapp.com/keypress
https://formy-project.herokuapp.com/keypress is a valid link
https://formy-project.herokuapp.com/modal
https://formy-project.herokuapp.com/modal is a valid link
https://formy-project.herokuapp.com/scroll
https://formy-project.herokuapp.com/scroll is a valid link
https://formy-project.herokuapp.com/radiobutton
https://formy-project.herokuapp.com/radiobutton is a valid link
https://formy-project.herokuapp.com/switch-window
https://formy-project.herokuapp.com/switch-window is a valid link
https://formy-project.herokuapp.com/form
https://formy-project.herokuapp.com/form is a valid link
]]></system-out>
    <system-err><![CDATA[SLF4J: Failed to load class "org.slf4j.impl.StaticLoggerBinder".
SLF4J: Defaulting to no-operation (NOP) logger implementation
SLF4J: See http://www.slf4j.org/codes.html#StaticLoggerBinder for further details.
1612864323077	geckodriver	INFO	Listening on 127.0.0.1:20100
1612864323877	mozrunner::runner	INFO	Running command: "C:\\Program Files\\Mozilla Firefox\\firefox.exe" "--marionette" "-foreground" "-no-remote" "-profile" "C:\\Users\\A\\AppData\\Local\\Temp\\rust_mozprofilereTf2D"
Can't find symbol 'eglSwapBuffersWithDamageEXT'.
Can't find symbol 'eglSetDamageRegionKHR'.
console.warn: SearchSettings: "get: No settings file exists, new profile?" (new Error("", "(unknown module)"))
1612864329054	Marionette	INFO	Listening on port 56552
1612864329221	Marionette	WARN	TLS certificate errors will be ignored for this session
Feb 09, 2021 3:52:09 AM org.openqa.selenium.remote.ProtocolHandshake createSession
INFO: Detected dialect: W3C
]]></system-err>
  </testcase>
  <testcase name="homePageLinks" classname="com.ultranauts.pagetests.HerokuHomePageTests" time="5.75">
    <system-out><![CDATA[https://formy-project.herokuapp.com/
https://formy-project.herokuapp.com/ is a valid link
https://formy-project.herokuapp.com/form
https://formy-project.herokuapp.com/form is a valid link
https://formy-project.herokuapp.com/#
https://formy-project.herokuapp.com/# is a valid link
https://formy-project.herokuapp.com/autocomplete
https://formy-project.herokuapp.com/autocomplete is a valid link
https://formy-project.herokuapp.com/buttons
https://formy-project.herokuapp.com/buttons is a valid link
https://formy-project.herokuapp.com/checkbox
https://formy-project.herokuapp.com/checkbox is a valid link
https://formy-project.herokuapp.com/datepicker
https://formy-project.herokuapp.com/datepicker is a valid link
https://formy-project.herokuapp.com/dragdrop
https://formy-project.herokuapp.com/dragdrop is a valid link
https://formy-project.herokuapp.com/dropdown
https://formy-project.herokuapp.com/dropdown is a valid link
https://formy-project.herokuapp.com/enabled
https://formy-project.herokuapp.com/enabled is a valid link
https://formy-project.herokuapp.com/fileupload
https://formy-project.herokuapp.com/fileupload is a valid link
https://formy-project.herokuapp.com/keypress
https://formy-project.herokuapp.com/keypress is a valid link
https://formy-project.herokuapp.com/modal
https://formy-project.herokuapp.com/modal is a valid link
https://formy-project.herokuapp.com/scroll
https://formy-project.herokuapp.com/scroll is a valid link
https://formy-project.herokuapp.com/radiobutton
https://formy-project.herokuapp.com/radiobutton is a valid link
https://formy-project.herokuapp.com/switch-window
https://formy-project.herokuapp.com/switch-window is a valid link
https://formy-project.herokuapp.com/form
https://formy-project.herokuapp.com/form is a valid link
https://formy-project.herokuapp.com/autocomplete
https://formy-project.herokuapp.com/autocomplete is a valid link
https://formy-project.herokuapp.com/buttons
https://formy-project.herokuapp.com/buttons is a valid link
https://formy-project.herokuapp.com/checkbox
https://formy-project.herokuapp.com/checkbox is a valid link
https://formy-project.herokuapp.com/datepicker
https://formy-project.herokuapp.com/datepicker is a valid link
https://formy-project.herokuapp.com/dragdrop
https://formy-project.herokuapp.com/dragdrop is a valid link
https://formy-project.herokuapp.com/dropdown
https://formy-project.herokuapp.com/dropdown is a valid link
https://formy-project.herokuapp.com/enabled
https://formy-project.herokuapp.com/enabled is a valid link
https://formy-project.herokuapp.com/fileupload
https://formy-project.herokuapp.com/fileupload is a valid link
https://formy-project.herokuapp.com/keypress
https://formy-project.herokuapp.com/keypress is a valid link
https://formy-project.herokuapp.com/modal
https://formy-project.herokuapp.com/modal is a valid link
https://formy-project.herokuapp.com/scroll
https://formy-project.herokuapp.com/scroll is a valid link
https://formy-project.herokuapp.com/radiobutton
https://formy-project.herokuapp.com/radiobutton is a valid link
https://formy-project.herokuapp.com/switch-window
https://formy-project.herokuapp.com/switch-window is a valid link
https://formy-project.herokuapp.com/form
https://formy-project.herokuapp.com/form is a valid link
]]></system-out>
    <system-err><![CDATA[1612864343197	Marionette	INFO	Stopped listening on port 56619

###!!! [Child][RunMessage] Error: Channel closing: too late to send/recv, messages will be lost

Starting MSEdgeDriver 88.0.705.63 (8c4f595b655cf82fd16941bc7908f00d82a87f4a) on port 11132
Only local connections are allowed.
Please see https://chromedriver.chromium.org/security-considerations for suggestions on keeping MSEdgeDriver safe.
MSEdgeDriver was started successfully.
Feb 09, 2021 3:52:28 AM org.openqa.selenium.remote.ProtocolHandshake createSession
INFO: Detected dialect: W3C
]]></system-err>
  </testcase>
  <testcase name="homePageLinks" classname="com.ultranauts.pagetests.HerokuHomePageTests" time="3.699">
    <system-out><![CDATA[https://formy-project.herokuapp.com/
https://formy-project.herokuapp.com/ is a valid link
https://formy-project.herokuapp.com/form
https://formy-project.herokuapp.com/form is a valid link
https://formy-project.herokuapp.com/#
https://formy-project.herokuapp.com/# is a valid link
https://formy-project.herokuapp.com/autocomplete
https://formy-project.herokuapp.com/autocomplete is a valid link
https://formy-project.herokuapp.com/buttons
https://formy-project.herokuapp.com/buttons is a valid link
https://formy-project.herokuapp.com/checkbox
https://formy-project.herokuapp.com/checkbox is a valid link
https://formy-project.herokuapp.com/datepicker
https://formy-project.herokuapp.com/datepicker is a valid link
https://formy-project.herokuapp.com/dragdrop
https://formy-project.herokuapp.com/dragdrop is a valid link
https://formy-project.herokuapp.com/dropdown
https://formy-project.herokuapp.com/dropdown is a valid link
https://formy-project.herokuapp.com/enabled
https://formy-project.herokuapp.com/enabled is a valid link
https://formy-project.herokuapp.com/fileupload
https://formy-project.herokuapp.com/fileupload is a valid link
https://formy-project.herokuapp.com/keypress
https://formy-project.herokuapp.com/keypress is a valid link
https://formy-project.herokuapp.com/modal
https://formy-project.herokuapp.com/modal is a valid link
https://formy-project.herokuapp.com/scroll
https://formy-project.herokuapp.com/scroll is a valid link
https://formy-project.herokuapp.com/radiobutton
https://formy-project.herokuapp.com/radiobutton is a valid link
https://formy-project.herokuapp.com/switch-window
https://formy-project.herokuapp.com/switch-window is a valid link
https://formy-project.herokuapp.com/form
https://formy-project.herokuapp.com/form is a valid link
https://formy-project.herokuapp.com/autocomplete
https://formy-project.herokuapp.com/autocomplete is a valid link
https://formy-project.herokuapp.com/buttons
https://formy-project.herokuapp.com/buttons is a valid link
https://formy-project.herokuapp.com/checkbox
https://formy-project.herokuapp.com/checkbox is a valid link
https://formy-project.herokuapp.com/datepicker
https://formy-project.herokuapp.com/datepicker is a valid link
https://formy-project.herokuapp.com/dragdrop
https://formy-project.herokuapp.com/dragdrop is a valid link
https://formy-project.herokuapp.com/dropdown
https://formy-project.herokuapp.com/dropdown is a valid link
https://formy-project.herokuapp.com/enabled
https://formy-project.herokuapp.com/enabled is a valid link
https://formy-project.herokuapp.com/fileupload
https://formy-project.herokuapp.com/fileupload is a valid link
https://formy-project.herokuapp.com/keypress
https://formy-project.herokuapp.com/keypress is a valid link
https://formy-project.herokuapp.com/modal
https://formy-project.herokuapp.com/modal is a valid link
https://formy-project.herokuapp.com/scroll
https://formy-project.herokuapp.com/scroll is a valid link
https://formy-project.herokuapp.com/radiobutton
https://formy-project.herokuapp.com/radiobutton is a valid link
https://formy-project.herokuapp.com/switch-window
https://formy-project.herokuapp.com/switch-window is a valid link
https://formy-project.herokuapp.com/form
https://formy-project.herokuapp.com/form is a valid link
]]></system-out>
    <system-err><![CDATA[Starting ChromeDriver 88.0.4324.96 (68dba2d8a0b149a1d3afac56fa74648032bcf46b-refs/branch-heads/4324@{#1784}) on port 35113
Only local connections are allowed.
Please see https://chromedriver.chromium.org/security-considerations for suggestions on keeping ChromeDriver safe.
ChromeDriver was started successfully.
Feb 09, 2021 3:52:47 AM org.openqa.selenium.remote.ProtocolHandshake createSession
INFO: Detected dialect: W3C
]]></system-err>
  </testcase>
  <testcase name="autoPageFormEnterText" classname="com.ultranauts.pagetests.HerokuAutoCompleteTests" time="1.861">
    <system-err><![CDATA[1612864333218	Marionette	INFO	Stopped listening on port 56552

###!!! [Child][RunMessage] Error: Channel closing: too late to send/recv, messages will be lost

1612864334930	geckodriver	INFO	Listening on 127.0.0.1:44519
1612864335399	mozrunner::runner	INFO	Running command: "C:\\Program Files\\Mozilla Firefox\\firefox.exe" "--marionette" "-foreground" "-no-remote" "-profile" "C:\\Users\\A\\AppData\\Local\\Temp\\rust_mozprofileqHWTMO"
Can't find symbol 'eglSwapBuffersWithDamageEXT'.
Can't find symbol 'eglSetDamageRegionKHR'.
console.warn: SearchSettings: "get: No settings file exists, new profile?" (new Error("", "(unknown module)"))
1612864340681	Marionette	INFO	Listening on port 56619
1612864340761	Marionette	WARN	TLS certificate errors will be ignored for this session
Feb 09, 2021 3:52:20 AM org.openqa.selenium.remote.ProtocolHandshake createSession
INFO: Detected dialect: W3C
]]></system-err>
  </testcase>
  <testcase name="autoPageFormEnterText" classname="com.ultranauts.pagetests.HerokuAutoCompleteTests" time="1.946">
    <system-err><![CDATA[Starting MSEdgeDriver 88.0.705.63 (8c4f595b655cf82fd16941bc7908f00d82a87f4a) on port 24937
Only local connections are allowed.
Please see https://chromedriver.chromium.org/security-considerations for suggestions on keeping MSEdgeDriver safe.
MSEdgeDriver was started successfully.
Feb 09, 2021 3:52:39 AM org.openqa.selenium.remote.ProtocolHandshake createSession
INFO: Detected dialect: W3C
]]></system-err>
  </testcase>
  <testcase name="autoPageFormEnterText" classname="com.ultranauts.pagetests.HerokuAutoCompleteTests" time="2.337">
    <system-err><![CDATA[Starting ChromeDriver 88.0.4324.96 (68dba2d8a0b149a1d3afac56fa74648032bcf46b-refs/branch-heads/4324@{#1784}) on port 22135
Only local connections are allowed.
Please see https://chromedriver.chromium.org/security-considerations for suggestions on keeping ChromeDriver safe.
ChromeDriver was started successfully.
Feb 09, 2021 3:52:54 AM org.openqa.selenium.remote.ProtocolHandshake createSession
INFO: Detected dialect: W3C
]]></system-err>
  </testcase>
</testsuite>