<?xml version="1.0" encoding="UTF-8"?>
<testng-results ignored="12" total="18" passed="5" failed="1" skipped="0">
  <reporter-output>
  </reporter-output>
  <suite started-at="2021-02-16T16:17:35 CST" name="Practice Suite" finished-at="2021-02-16T16:21:53 CST" duration-ms="258108">
    <groups>
      <group name="cucumber">
        <method signature="AbstractTestNGCucumberTests.runScenario(io.cucumber.testng.PickleWrapper, io.cucumber.testng.FeatureWrapper)[pri:0, instance:com.ultranauts.cucumber.TestRunner@433d61fb]" name="runScenario" class="io.cucumber.testng.AbstractTestNGCucumberTests"/>
      </group> <!-- cucumber -->
    </groups>
    <test started-at="2021-02-16T16:17:35 CST" name="Firefox Test" finished-at="2021-02-16T16:17:35 CST" duration-ms="32">
    </test> <!-- Firefox Test -->
    <test started-at="2021-02-16T16:17:35 CST" name="MS Edge Test" finished-at="2021-02-16T16:17:35 CST" duration-ms="0">
    </test> <!-- MS Edge Test -->
    <test started-at="2021-02-16T16:17:35 CST" name="Chrome Test" finished-at="2021-02-16T16:17:35 CST" duration-ms="0">
    </test> <!-- Chrome Test -->
    <test started-at="2021-02-16T16:17:35 CST" name="Regression Tests" finished-at="2021-02-16T16:21:53 CST" duration-ms="257873">
      <class name="com.ultranauts.cucumber.TestRunner">
        <test-method is-config="true" signature="setUpClass()[pri:0, instance:com.ultranauts.cucumber.TestRunner@433d61fb]" started-at="2021-02-16T16:17:35 CST" name="setUpClass" finished-at="2021-02-16T16:17:38 CST" duration-ms="2675" status="PASS">
          <reporter-output>
          </reporter-output>
        </test-method> <!-- setUpClass -->
        <test-method signature="runScenario(io.cucumber.testng.PickleWrapper, io.cucumber.testng.FeatureWrapper)[pri:0, instance:com.ultranauts.cucumber.TestRunner@433d61fb]" started-at="2021-02-16T16:17:38 CST" name="runScenario" description="Runs Cucumber Scenarios" data-provider="scenarios" finished-at="2021-02-16T16:18:19 CST" duration-ms="40776" status="PASS">
          <params>
            <param index="0">
              <value>
                <![CDATA["Verify the functionality of the Checkbox Page"]]>
              </value>
            </param>
            <param index="1">
              <value>
                <![CDATA["Optional[Heroku Applications and Webpages]"]]>
              </value>
            </param>
          </params>
          <reporter-output>
          </reporter-output>
        </test-method> <!-- runScenario -->
        <test-method signature="runScenario(io.cucumber.testng.PickleWrapper, io.cucumber.testng.FeatureWrapper)[pri:0, instance:com.ultranauts.cucumber.TestRunner@433d61fb]" started-at="2021-02-16T16:18:19 CST" name="runScenario" description="Runs Cucumber Scenarios" data-provider="scenarios" finished-at="2021-02-16T16:18:36 CST" duration-ms="17055" status="PASS">
          <params>
            <param index="0">
              <value>
                <![CDATA["Verify the behavior of the Modal Pagetitle"]]>
              </value>
            </param>
            <param index="1">
              <value>
                <![CDATA["Optional[Heroku Applications and Webpages]"]]>
              </value>
            </param>
          </params>
          <reporter-output>
          </reporter-output>
        </test-method> <!-- runScenario -->
        <test-method signature="runScenario(io.cucumber.testng.PickleWrapper, io.cucumber.testng.FeatureWrapper)[pri:0, instance:com.ultranauts.cucumber.TestRunner@433d61fb]" started-at="2021-02-16T16:18:36 CST" name="runScenario" description="Runs Cucumber Scenarios" data-provider="scenarios" finished-at="2021-02-16T16:18:49 CST" duration-ms="13176" status="FAIL">
          <params>
            <param index="0">
              <value>
                <![CDATA["Verify Test"]]>
              </value>
            </param>
            <param index="1">
              <value>
                <![CDATA["Optional[Heroku Applications and Webpages]"]]>
              </value>
            </param>
          </params>
          <exception class="io.cucumber.testng.UndefinedStepException">
            <message>
              <![CDATA[There were 3 undefined steps
The step "I am A" is undefined. You can implement it using the snippet(s) below:

@Given("I am A")
public void i_am_a() {
    // Write code here that turns the phrase above into concrete actions
    throw new io.cucumber.java.PendingException();
}

The step "I do B" is undefined. You can implement it using the snippet(s) below:

@When("I do B")
public void i_do_b() {
    // Write code here that turns the phrase above into concrete actions
    throw new io.cucumber.java.PendingException();
}

The step "I see C" is undefined. You can implement it using the snippet(s) below:

@Then("I see C")
public void i_see_c() {
    // Write code here that turns the phrase above into concrete actions
    throw new io.cucumber.java.PendingException();
}
]]>
            </message>
            <full-stacktrace>
              <![CDATA[io.cucumber.testng.UndefinedStepException: There were 3 undefined steps
The step "I am A" is undefined. You can implement it using the snippet(s) below:

@Given("I am A")
public void i_am_a() {
    // Write code here that turns the phrase above into concrete actions
    throw new io.cucumber.java.PendingException();
}

The step "I do B" is undefined. You can implement it using the snippet(s) below:

@When("I do B")
public void i_do_b() {
    // Write code here that turns the phrase above into concrete actions
    throw new io.cucumber.java.PendingException();
}

The step "I see C" is undefined. You can implement it using the snippet(s) below:

@Then("I see C")
public void i_see_c() {
    // Write code here that turns the phrase above into concrete actions
    throw new io.cucumber.java.PendingException();
}

at io.cucumber.core.runtime.TestCaseResultObserver.assertTestCasePassed(TestCaseResultObserver.java:69)
at io.cucumber.testng.TestCaseResultObserver.assertTestCasePassed(TestCaseResultObserver.java:23)
at io.cucumber.testng.TestNGCucumberRunner.lambda$runScenario$0(TestNGCucumberRunner.java:117)
at io.cucumber.core.runtime.CucumberExecutionContext.runTestCase(CucumberExecutionContext.java:117)
at io.cucumber.testng.TestNGCucumberRunner.runScenario(TestNGCucumberRunner.java:113)
at io.cucumber.testng.AbstractTestNGCucumberTests.runScenario(AbstractTestNGCucumberTests.java:31)
at java.base/jdk.internal.reflect.NativeMethodAccessorImpl.invoke0(Native Method)
at java.base/jdk.internal.reflect.NativeMethodAccessorImpl.invoke(NativeMethodAccessorImpl.java:64)
at java.base/jdk.internal.reflect.DelegatingMethodAccessorImpl.invoke(DelegatingMethodAccessorImpl.java:43)
at java.base/java.lang.reflect.Method.invoke(Method.java:564)
at org.testng.internal.MethodInvocationHelper.invokeMethod(MethodInvocationHelper.java:132)
at org.testng.internal.TestInvoker.invokeMethod(TestInvoker.java:599)
at org.testng.internal.TestInvoker.invokeTestMethod(TestInvoker.java:174)
at org.testng.internal.MethodRunner.runInSequence(MethodRunner.java:46)
at org.testng.internal.TestInvoker$MethodInvocationAgent.invoke(TestInvoker.java:822)
at org.testng.internal.TestInvoker.invokeTestMethods(TestInvoker.java:147)
at org.testng.internal.TestMethodWorker.invokeTestMethods(TestMethodWorker.java:146)
at org.testng.internal.TestMethodWorker.run(TestMethodWorker.java:128)
at java.base/java.util.ArrayList.forEach(ArrayList.java:1511)
at org.testng.TestRunner.privateRun(TestRunner.java:764)
at org.testng.TestRunner.run(TestRunner.java:585)
at org.testng.SuiteRunner.runTest(SuiteRunner.java:384)
at org.testng.SuiteRunner.runSequentially(SuiteRunner.java:378)
at org.testng.SuiteRunner.privateRun(SuiteRunner.java:337)
at org.testng.SuiteRunner.run(SuiteRunner.java:286)
at org.testng.SuiteRunnerWorker.runSuite(SuiteRunnerWorker.java:53)
at org.testng.SuiteRunnerWorker.run(SuiteRunnerWorker.java:96)
at org.testng.TestNG.runSuitesSequentially(TestNG.java:1218)
at org.testng.TestNG.runSuitesLocally(TestNG.java:1140)
at org.testng.TestNG.runSuites(TestNG.java:1069)
at org.testng.TestNG.run(TestNG.java:1037)
at org.apache.maven.surefire.testng.TestNGExecutor.run(TestNGExecutor.java:284)
at org.apache.maven.surefire.testng.TestNGXmlTestSuite.execute(TestNGXmlTestSuite.java:75)
at org.apache.maven.surefire.testng.TestNGProvider.invoke(TestNGProvider.java:119)
at org.apache.maven.surefire.booter.ForkedBooter.runSuitesInProcess(ForkedBooter.java:428)
at org.apache.maven.surefire.booter.ForkedBooter.execute(ForkedBooter.java:162)
at org.apache.maven.surefire.booter.ForkedBooter.run(ForkedBooter.java:562)
at org.apache.maven.surefire.booter.ForkedBooter.main(ForkedBooter.java:548)
]]>
            </full-stacktrace>
          </exception> <!-- io.cucumber.testng.UndefinedStepException -->
          <reporter-output>
          </reporter-output>
        </test-method> <!-- runScenario -->
        <test-method signature="runScenario(io.cucumber.testng.PickleWrapper, io.cucumber.testng.FeatureWrapper)[pri:0, instance:com.ultranauts.cucumber.TestRunner@433d61fb]" started-at="2021-02-16T16:18:49 CST" name="runScenario" description="Runs Cucumber Scenarios" data-provider="scenarios" finished-at="2021-02-16T16:19:57 CST" duration-ms="68354" status="PASS">
          <params>
            <param index="0">
              <value>
                <![CDATA["Verify that the Date Picker can choose several dates"]]>
              </value>
            </param>
            <param index="1">
              <value>
                <![CDATA["Optional[Heroku Applications and Webpages]"]]>
              </value>
            </param>
          </params>
          <reporter-output>
          </reporter-output>
        </test-method> <!-- runScenario -->
        <test-method signature="runScenario(io.cucumber.testng.PickleWrapper, io.cucumber.testng.FeatureWrapper)[pri:0, instance:com.ultranauts.cucumber.TestRunner@433d61fb]" started-at="2021-02-16T16:19:57 CST" name="runScenario" description="Runs Cucumber Scenarios" data-provider="scenarios" finished-at="2021-02-16T16:20:37 CST" duration-ms="40078" status="PASS">
          <params>
            <param index="0">
              <value>
                <![CDATA["Verify that the Date Picker can choose several dates"]]>
              </value>
            </param>
            <param index="1">
              <value>
                <![CDATA["Optional[Heroku Applications and Webpages]"]]>
              </value>
            </param>
          </params>
          <reporter-output>
          </reporter-output>
        </test-method> <!-- runScenario -->
        <test-method signature="runScenario(io.cucumber.testng.PickleWrapper, io.cucumber.testng.FeatureWrapper)[pri:0, instance:com.ultranauts.cucumber.TestRunner@433d61fb]" started-at="2021-02-16T16:20:37 CST" name="runScenario" description="Runs Cucumber Scenarios" data-provider="scenarios" finished-at="2021-02-16T16:21:52 CST" duration-ms="74879" status="PASS">
          <params>
            <param index="0">
              <value>
                <![CDATA["Verify that the Date Picker can choose several dates"]]>
              </value>
            </param>
            <param index="1">
              <value>
                <![CDATA["Optional[Heroku Applications and Webpages]"]]>
              </value>
            </param>
          </params>
          <reporter-output>
          </reporter-output>
        </test-method> <!-- runScenario -->
        <test-method is-config="true" signature="tearDownClass()[pri:0, instance:com.ultranauts.cucumber.TestRunner@433d61fb]" started-at="2021-02-16T16:21:52 CST" name="tearDownClass" finished-at="2021-02-16T16:21:53 CST" duration-ms="697" status="PASS">
          <reporter-output>
          </reporter-output>
        </test-method> <!-- tearDownClass -->
      </class> <!-- com.ultranauts.cucumber.TestRunner -->
    </test> <!-- Regression Tests -->
  </suite> <!-- Practice Suite -->
</testng-results>
